<?xml version="1.0" encoding="UTF-8"?>
<coverage generated="1591899904204" clover="3.2.0">
  <project timestamp="1591899904204" name="All files">
    <metrics statements="53" coveredstatements="52" conditionals="43" coveredconditionals="27" methods="2" coveredmethods="2" elements="98" coveredelements="81" complexity="0" loc="53" ncloc="53" packages="1" files="6" classes="6"/>
    <file name="GovInfo.svelte" path="/Users/lshadler/personal-workspace/forward-momentum/src/components/GovInfo.svelte">
      <metrics statements="11" coveredstatements="11" conditionals="16" coveredconditionals="8" methods="1" coveredmethods="1"/>
      <line num="2" count="3" type="stmt"/>
      <line num="3" count="3" type="stmt"/>
      <line num="5" count="3" type="stmt"/>
      <line num="39" count="3" type="cond" truecount="2" falsecount="2"/>
      <line num="40" count="1" type="stmt"/>
      <line num="42" count="3" type="cond" truecount="2" falsecount="0"/>
      <line num="43" count="1" type="cond" truecount="0" falsecount="2"/>
      <line num="45" count="3" type="cond" truecount="2" falsecount="0"/>
      <line num="46" count="3" type="cond" truecount="0" falsecount="2"/>
      <line num="48" count="3" type="cond" truecount="2" falsecount="0"/>
      <line num="49" count="1" type="cond" truecount="0" falsecount="2"/>
    </file>
    <file name="InvalidRepWarning.svelte" path="/Users/lshadler/personal-workspace/forward-momentum/src/components/InvalidRepWarning.svelte">
      <metrics statements="3" coveredstatements="3" conditionals="2" coveredconditionals="0" methods="0" coveredmethods="0"/>
      <line num="2" count="1" type="stmt"/>
      <line num="4" count="2" type="stmt"/>
      <line num="22" count="2" type="cond" truecount="0" falsecount="2"/>
    </file>
    <file name="RepImage.svelte" path="/Users/lshadler/personal-workspace/forward-momentum/src/components/RepImage.svelte">
      <metrics statements="7" coveredstatements="7" conditionals="7" coveredconditionals="4" methods="0" coveredmethods="0"/>
      <line num="2" count="4" type="cond" truecount="1" falsecount="0"/>
      <line num="3" count="4" type="stmt"/>
      <line num="4" count="4" type="stmt"/>
      <line num="6" count="4" type="cond" truecount="2" falsecount="0"/>
      <line num="29" count="4" type="stmt"/>
      <line num="33" count="4" type="cond" truecount="1" falsecount="3"/>
      <line num="34" count="4" type="stmt"/>
    </file>
    <file name="RepInfo.svelte" path="/Users/lshadler/personal-workspace/forward-momentum/src/components/RepInfo.svelte">
      <metrics statements="13" coveredstatements="13" conditionals="8" coveredconditionals="5" methods="0" coveredmethods="0"/>
      <line num="2" count="2" type="stmt"/>
      <line num="3" count="2" type="stmt"/>
      <line num="4" count="2" type="stmt"/>
      <line num="6" count="1" type="stmt"/>
      <line num="10" count="1" type="stmt"/>
      <line num="12" count="1" type="cond" truecount="1" falsecount="1"/>
      <line num="13" count="1" type="cond" truecount="3" falsecount="1"/>
      <line num="15" count="1" type="stmt"/>
      <line num="17" count="1" type="cond" truecount="1" falsecount="1"/>
      <line num="42" count="1" type="stmt"/>
      <line num="45" count="1" type="stmt"/>
      <line num="46" count="1" type="stmt"/>
      <line num="47" count="1" type="stmt"/>
    </file>
    <file name="Representative.svelte" path="/Users/lshadler/personal-workspace/forward-momentum/src/components/Representative.svelte">
      <metrics statements="15" coveredstatements="14" conditionals="8" coveredconditionals="8" methods="0" coveredmethods="0"/>
      <line num="2" count="1" type="stmt"/>
      <line num="3" count="1" type="stmt"/>
      <line num="4" count="1" type="stmt"/>
      <line num="5" count="1" type="stmt"/>
      <line num="7" count="2" type="stmt"/>
      <line num="9" count="2" type="stmt"/>
      <line num="10" count="2" type="stmt"/>
      <line num="12" count="2" type="cond" truecount="2" falsecount="0"/>
      <line num="13" count="2" type="cond" truecount="2" falsecount="0"/>
      <line num="14" count="2" type="cond" truecount="4" falsecount="0"/>
      <line num="17" count="0" type="stmt"/>
      <line num="66" count="2" type="stmt"/>
      <line num="68" count="2" type="stmt"/>
      <line num="69" count="2" type="stmt"/>
      <line num="70" count="2" type="stmt"/>
    </file>
    <file name="SocialMedia.svelte" path="/Users/lshadler/personal-workspace/forward-momentum/src/components/SocialMedia.svelte">
      <metrics statements="4" coveredstatements="4" conditionals="2" coveredconditionals="2" methods="1" coveredmethods="1"/>
      <line num="2" count="3" type="stmt"/>
      <line num="10" count="10" type="cond" truecount="2" falsecount="0"/>
      <line num="54" count="3" type="stmt"/>
      <line num="55" count="8" type="stmt"/>
    </file>
  </project>
</coverage>
