{"/Users/lshadler/personal-workspace/forward-momentum/src/components/GovInfo.svelte": {"path":"/Users/lshadler/personal-workspace/forward-momentum/src/components/GovInfo.svelte","statementMap":{"0":{"start":{"line":40,"column":79},"end":{"line":40,"column":null}},"1":{"start":{"line":43,"column":140},"end":{"line":43,"column":null}},"2":{"start":{"line":46,"column":114},"end":{"line":46,"column":null}},"3":{"start":{"line":49,"column":126},"end":{"line":49,"column":null}},"4":{"start":{"line":39,"column":5},"end":{"line":39,"column":null}},"5":{"start":{"line":42,"column":5},"end":{"line":42,"column":null}},"6":{"start":{"line":45,"column":5},"end":{"line":45,"column":null}},"7":{"start":{"line":48,"column":5},"end":{"line":48,"column":null}},"8":{"start":{"line":39,"column":17},"end":{"line":39,"column":null}},"9":{"start":{"line":46,"column":126},"end":{"line":46,"column":142}},"10":{"start":{"line":46,"column":127},"end":{"line":46,"column":142}},"11":{"start":{"line":2,"column":17},"end":{"line":2,"column":null}},"12":{"start":{"line":3,"column":19},"end":{"line":3,"column":null}},"13":{"start":{"line":5,"column":29},"end":{"line":5,"column":33}}},"fnMap":{"0":{"name":"(anonymous_26)","decl":{"start":{"line":46,"column":126},"end":{"line":46,"column":127}},"loc":{"start":{"line":46,"column":127},"end":{"line":46,"column":142}}}},"branchMap":{"0":{"loc":{"start":{"line":43,"column":140},"end":{"line":43,"column":142}},"type":"binary-expr","locations":[{"start":{"line":43,"column":140},"end":{"line":43,"column":142}},{"start":{"line":43,"column":140},"end":{"line":43,"column":null}}]},"1":{"loc":{"start":{"line":46,"column":114},"end":{"line":46,"column":116}},"type":"binary-expr","locations":[{"start":{"line":46,"column":114},"end":{"line":46,"column":116}},{"start":{"line":46,"column":114},"end":{"line":46,"column":null}}]},"2":{"loc":{"start":{"line":49,"column":126},"end":{"line":49,"column":128}},"type":"binary-expr","locations":[{"start":{"line":49,"column":126},"end":{"line":49,"column":128}},{"start":{"line":49,"column":126},"end":{"line":49,"column":null}}]},"3":{"loc":{"start":{"line":39,"column":5},"end":{"line":39,"column":null}},"type":"binary-expr","locations":[{"start":{"line":39,"column":5},"end":{"line":39,"column":null}},{"start":{"line":39,"column":17},"end":{"line":39,"column":null}}]},"4":{"loc":{"start":{"line":42,"column":5},"end":{"line":42,"column":17}},"type":"binary-expr","locations":[{"start":{"line":42,"column":5},"end":{"line":42,"column":17}},{"start":{"line":42,"column":17},"end":{"line":42,"column":null}}]},"5":{"loc":{"start":{"line":45,"column":5},"end":{"line":45,"column":18}},"type":"binary-expr","locations":[{"start":{"line":45,"column":5},"end":{"line":45,"column":18}},{"start":{"line":45,"column":18},"end":{"line":45,"column":null}}]},"6":{"loc":{"start":{"line":48,"column":5},"end":{"line":48,"column":16}},"type":"binary-expr","locations":[{"start":{"line":48,"column":5},"end":{"line":48,"column":16}},{"start":{"line":48,"column":16},"end":{"line":48,"column":null}}]},"7":{"loc":{"start":{"line":39,"column":5},"end":{"line":39,"column":null}},"type":"if","locations":[{"start":{"line":39,"column":5},"end":{"line":39,"column":null}},{"start":{"line":39,"column":5},"end":{"line":39,"column":null}}]}},"s":{"0":1,"1":1,"2":1,"3":1,"4":3,"5":3,"6":3,"7":3,"8":0,"9":3,"10":1,"11":3,"12":3,"13":3},"f":{"0":1},"b":{"0":[0,0],"1":[0,0],"2":[0,0],"3":[3,1],"4":[3,1],"5":[3,1],"6":[3,1],"7":[0,0]}}
,"/Users/lshadler/personal-workspace/forward-momentum/src/components/InvalidRepWarning.svelte": {"path":"/Users/lshadler/personal-workspace/forward-momentum/src/components/InvalidRepWarning.svelte","statementMap":{"0":{"start":{"line":2,"column":17},"end":{"line":2,"column":null}},"1":{"start":{"line":22,"column":39},"end":{"line":22,"column":null}},"2":{"start":{"line":4,"column":23},"end":{"line":4,"column":null}}},"fnMap":{},"branchMap":{"0":{"loc":{"start":{"line":22,"column":39},"end":{"line":22,"column":null}},"type":"if","locations":[{"start":{"line":22,"column":39},"end":{"line":22,"column":null}},{"start":{"line":22,"column":39},"end":{"line":22,"column":null}}]}},"s":{"0":1,"1":2,"2":2},"f":{},"b":{"0":[0,0]}}
,"/Users/lshadler/personal-workspace/forward-momentum/src/components/RepImage.svelte": {"path":"/Users/lshadler/personal-workspace/forward-momentum/src/components/RepImage.svelte","statementMap":{"0":{"start":{"line":33,"column":63},"end":{"line":33,"column":null}},"1":{"start":{"line":33,"column":74},"end":{"line":33,"column":null}},"2":{"start":{"line":34,"column":9},"end":{"line":34,"column":null}},"3":{"start":{"line":29,"column":12},"end":{"line":29,"column":null}},"4":{"start":{"line":2,"column":35},"end":{"line":2,"column":null}},"5":{"start":{"line":3,"column":23},"end":{"line":3,"column":null}},"6":{"start":{"line":4,"column":17},"end":{"line":4,"column":null}},"7":{"start":{"line":6,"column":19},"end":{"line":6,"column":null}}},"fnMap":{},"branchMap":{"0":{"loc":{"start":{"line":33,"column":63},"end":{"line":33,"column":null}},"type":"if","locations":[{"start":{"line":33,"column":63},"end":{"line":33,"column":null}},{"start":{"line":33,"column":63},"end":{"line":33,"column":null}}]},"1":{"loc":{"start":{"line":33,"column":63},"end":{"line":33,"column":65}},"type":"binary-expr","locations":[{"start":{"line":33,"column":63},"end":{"line":33,"column":65}},{"start":{"line":33,"column":63},"end":{"line":33,"column":null}}]},"2":{"loc":{"start":{"line":2,"column":30},"end":{"line":2,"column":35}},"type":"default-arg","locations":[{"start":{"line":2,"column":30},"end":{"line":2,"column":35}}]},"3":{"loc":{"start":{"line":6,"column":50},"end":{"line":6,"column":66}},"type":"cond-expr","locations":[{"start":{"line":6,"column":50},"end":{"line":6,"column":66}},{"start":{"line":6,"column":69},"end":{"line":6,"column":71}}]}},"s":{"0":4,"1":4,"2":4,"3":4,"4":4,"5":4,"6":4,"7":4},"f":{},"b":{"0":[4,0],"1":[0,0],"2":[2],"3":[2,2]}}
,"/Users/lshadler/personal-workspace/forward-momentum/src/components/RepInfo.svelte": {"path":"/Users/lshadler/personal-workspace/forward-momentum/src/components/RepInfo.svelte","statementMap":{"0":{"start":{"line":2,"column":20},"end":{"line":2,"column":null}},"1":{"start":{"line":3,"column":16},"end":{"line":3,"column":null}},"2":{"start":{"line":4,"column":17},"end":{"line":4,"column":null}},"3":{"start":{"line":42,"column":41},"end":{"line":42,"column":null}},"4":{"start":{"line":45,"column":7},"end":{"line":45,"column":null}},"5":{"start":{"line":46,"column":69},"end":{"line":46,"column":null}},"6":{"start":{"line":47,"column":31},"end":{"line":47,"column":null}},"7":{"start":{"line":46,"column":59},"end":{"line":46,"column":69}},"8":{"start":{"line":6,"column":17},"end":{"line":6,"column":null}},"9":{"start":{"line":10,"column":6},"end":{"line":10,"column":10}},"10":{"start":{"line":12,"column":16},"end":{"line":12,"column":72}},"11":{"start":{"line":13,"column":23},"end":{"line":13,"column":null}},"12":{"start":{"line":15,"column":28},"end":{"line":15,"column":32}},"13":{"start":{"line":17,"column":19},"end":{"line":17,"column":null}}},"fnMap":{},"branchMap":{"0":{"loc":{"start":{"line":12,"column":38},"end":{"line":12,"column":47}},"type":"cond-expr","locations":[{"start":{"line":12,"column":38},"end":{"line":12,"column":47}},{"start":{"line":12,"column":50},"end":{"line":12,"column":72}}]},"1":{"loc":{"start":{"line":13,"column":68},"end":{"line":13,"column":70}},"type":"cond-expr","locations":[{"start":{"line":13,"column":68},"end":{"line":13,"column":70}},{"start":{"line":13,"column":87},"end":{"line":13,"column":null}}]},"2":{"loc":{"start":{"line":13,"column":23},"end":{"line":13,"column":42}},"type":"binary-expr","locations":[{"start":{"line":13,"column":23},"end":{"line":13,"column":42}},{"start":{"line":13,"column":46},"end":{"line":13,"column":65}}]},"3":{"loc":{"start":{"line":17,"column":19},"end":{"line":17,"column":37}},"type":"binary-expr","locations":[{"start":{"line":17,"column":19},"end":{"line":17,"column":37}},{"start":{"line":17,"column":37},"end":{"line":17,"column":null}}]}},"s":{"0":2,"1":2,"2":2,"3":1,"4":1,"5":1,"6":1,"7":1,"8":1,"9":1,"10":1,"11":1,"12":1,"13":1},"f":{},"b":{"0":[0,1],"1":[0,1],"2":[1,1],"3":[1,0]}}
,"/Users/lshadler/personal-workspace/forward-momentum/src/components/Representative.svelte": {"path":"/Users/lshadler/personal-workspace/forward-momentum/src/components/Representative.svelte","statementMap":{"0":{"start":{"line":2,"column":13},"end":{"line":2,"column":null}},"1":{"start":{"line":3,"column":19},"end":{"line":3,"column":null}},"2":{"start":{"line":4,"column":14},"end":{"line":4,"column":null}},"3":{"start":{"line":5,"column":15},"end":{"line":5,"column":null}},"4":{"start":{"line":68,"column":7},"end":{"line":68,"column":null}},"5":{"start":{"line":69,"column":7},"end":{"line":69,"column":null}},"6":{"start":{"line":70,"column":7},"end":{"line":70,"column":null}},"7":{"start":{"line":66,"column":29},"end":{"line":66,"column":62}},"8":{"start":{"line":66,"column":93},"end":{"line":66,"column":null}},"9":{"start":{"line":66,"column":62},"end":{"line":66,"column":93}},"10":{"start":{"line":7,"column":14},"end":{"line":7,"column":null}},"11":{"start":{"line":9,"column":17},"end":{"line":9,"column":null}},"12":{"start":{"line":10,"column":27},"end":{"line":10,"column":30}},"13":{"start":{"line":12,"column":17},"end":{"line":12,"column":null}},"14":{"start":{"line":13,"column":14},"end":{"line":13,"column":64}},"15":{"start":{"line":14,"column":21},"end":{"line":14,"column":null}},"16":{"start":{"line":17,"column":2},"end":{"line":17,"column":null}}},"fnMap":{},"branchMap":{"0":{"loc":{"start":{"line":12,"column":17},"end":{"line":12,"column":35}},"type":"binary-expr","locations":[{"start":{"line":12,"column":17},"end":{"line":12,"column":35}},{"start":{"line":12,"column":35},"end":{"line":12,"column":null}}]},"1":{"loc":{"start":{"line":13,"column":36},"end":{"line":13,"column":45}},"type":"cond-expr","locations":[{"start":{"line":13,"column":36},"end":{"line":13,"column":45}},{"start":{"line":13,"column":48},"end":{"line":13,"column":64}}]},"2":{"loc":{"start":{"line":14,"column":66},"end":{"line":14,"column":68}},"type":"cond-expr","locations":[{"start":{"line":14,"column":66},"end":{"line":14,"column":68}},{"start":{"line":14,"column":85},"end":{"line":14,"column":null}}]},"3":{"loc":{"start":{"line":14,"column":21},"end":{"line":14,"column":40}},"type":"binary-expr","locations":[{"start":{"line":14,"column":21},"end":{"line":14,"column":40}},{"start":{"line":14,"column":44},"end":{"line":14,"column":63}}]}},"s":{"0":1,"1":1,"2":1,"3":1,"4":2,"5":2,"6":2,"7":2,"8":2,"9":2,"10":2,"11":2,"12":2,"13":2,"14":2,"15":2,"16":0},"f":{},"b":{"0":[2,1],"1":[1,1],"2":[1,1],"3":[2,1]}}
,"/Users/lshadler/personal-workspace/forward-momentum/src/components/SocialMedia.svelte": {"path":"/Users/lshadler/personal-workspace/forward-momentum/src/components/SocialMedia.svelte","statementMap":{"0":{"start":{"line":55,"column":23},"end":{"line":55,"column":42}},"1":{"start":{"line":55,"column":42},"end":{"line":55,"column":null}},"2":{"start":{"line":54,"column":7},"end":{"line":54,"column":null}},"3":{"start":{"line":54,"column":2},"end":{"line":54,"column":6}},"4":{"start":{"line":54,"column":2},"end":{"line":54,"column":7}},"5":{"start":{"line":2,"column":20},"end":{"line":2,"column":null}},"6":{"start":{"line":10,"column":59},"end":{"line":10,"column":94}}},"fnMap":{"0":{"name":"(anonymous_13)","decl":{"start":{"line":10,"column":53},"end":{"line":10,"column":54}},"loc":{"start":{"line":10,"column":59},"end":{"line":10,"column":94}}}},"branchMap":{"0":{"loc":{"start":{"line":10,"column":59},"end":{"line":10,"column":82}},"type":"binary-expr","locations":[{"start":{"line":10,"column":59},"end":{"line":10,"column":82}},{"start":{"line":10,"column":86},"end":{"line":10,"column":94}}]}},"s":{"0":8,"1":8,"2":3,"3":3,"4":0,"5":3,"6":10},"f":{"0":10},"b":{"0":[10,8]}}
}
