TN:
SF:src/components/GovInfo.svelte
FN:46,(anonymous_26)
FNF:1
FNH:1
FNDA:1,(anonymous_26)
DA:2,3
DA:3,3
DA:5,3
DA:39,3
DA:40,1
DA:42,3
DA:43,1
DA:45,3
DA:46,3
DA:48,3
DA:49,1
LF:11
LH:11
BRDA:43,0,0,0
BRDA:43,0,1,0
BRDA:46,1,0,0
BRDA:46,1,1,0
BRDA:49,2,0,0
BRDA:49,2,1,0
BRDA:39,3,0,3
BRDA:39,3,1,1
BRDA:42,4,0,3
BRDA:42,4,1,1
BRDA:45,5,0,3
BRDA:45,5,1,1
BRDA:48,6,0,3
BRDA:48,6,1,1
BRDA:39,7,0,0
BRDA:39,7,1,0
BRF:16
BRH:8
end_of_record
TN:
SF:src/components/InvalidRepWarning.svelte
FNF:0
FNH:0
DA:2,1
DA:4,2
DA:22,2
LF:3
LH:3
BRDA:22,0,0,0
BRDA:22,0,1,0
BRF:2
BRH:0
end_of_record
TN:
SF:src/components/RepImage.svelte
FNF:0
FNH:0
DA:2,4
DA:3,4
DA:4,4
DA:6,4
DA:29,4
DA:33,4
DA:34,4
LF:7
LH:7
BRDA:33,0,0,4
BRDA:33,0,1,0
BRDA:33,1,0,0
BRDA:33,1,1,0
BRDA:2,2,0,2
BRDA:6,3,0,2
BRDA:6,3,1,2
BRF:7
BRH:4
end_of_record
TN:
SF:src/components/RepInfo.svelte
FNF:0
FNH:0
DA:2,2
DA:3,2
DA:4,2
DA:6,1
DA:10,1
DA:12,1
DA:13,1
DA:15,1
DA:17,1
DA:42,1
DA:45,1
DA:46,1
DA:47,1
LF:13
LH:13
BRDA:12,0,0,0
BRDA:12,0,1,1
BRDA:13,1,0,0
BRDA:13,1,1,1
BRDA:13,2,0,1
BRDA:13,2,1,1
BRDA:17,3,0,1
BRDA:17,3,1,0
BRF:8
BRH:5
end_of_record
TN:
SF:src/components/Representative.svelte
FNF:0
FNH:0
DA:2,1
DA:3,1
DA:4,1
DA:5,1
DA:7,2
DA:9,2
DA:10,2
DA:12,2
DA:13,2
DA:14,2
DA:17,0
DA:66,2
DA:68,2
DA:69,2
DA:70,2
LF:15
LH:14
BRDA:12,0,0,2
BRDA:12,0,1,1
BRDA:13,1,0,1
BRDA:13,1,1,1
BRDA:14,2,0,1
BRDA:14,2,1,1
BRDA:14,3,0,2
BRDA:14,3,1,1
BRF:8
BRH:8
end_of_record
TN:
SF:src/components/SocialMedia.svelte
FN:10,(anonymous_13)
FNF:1
FNH:1
FNDA:10,(anonymous_13)
DA:2,3
DA:10,10
DA:54,3
DA:55,8
LF:4
LH:4
BRDA:10,0,0,10
BRDA:10,0,1,8
BRF:2
BRH:2
end_of_record
